# JRE version: OpenJDK Runtime Environment Temurin-17.0.17+10 (17.0.17+10) (build 17.0.17+10)
# Java VM: OpenJDK 64-Bit Server VM Temurin-17.0.17+10 (17.0.17+10, mixed mode, sharing, tiered, compressed oops, compressed class ptrs, g1 gc, windows-amd64)
GC Precious Log:
 CPUs: 32 total, 32 available
 Memory: 32475M
 Large Page Support: Disabled
 NUMA Support: Disabled
 Compressed Oops: Enabled (Zero based)
 Heap Region Size: 2M
 Heap Min Capacity: 8M
 Heap Initial Capacity: 508M
 Heap Max Capacity: 4G
 Pre-touch: Disabled
 Parallel Workers: 23
 Concurrent Workers: 6
 Concurrent Refinement Workers: 23
 Periodic GC: Disabled
Heap:
 garbage-first heap   total 198656K, used 152435K [0x0000000700000000, 0x0000000800000000)
  region size 2048K, 38 young (77824K), 2 survivors (4096K)
 Metaspace       used 77253K, committed 78208K, reserved 983040K
  class space    used 10780K, committed 11200K, reserved 851968K
GC Heap History (20 events):
Event: 3.217 GC heap before
{Heap before GC invocations=8 (full 0):
 garbage-first heap   total 96256K, used 67182K [0x0000000700000000, 0x0000000800000000)
  region size 2048K, 20 young (40960K), 2 survivors (4096K)
 Metaspace       used 35582K, committed 35968K, reserved 917504K
  class space    used 4924K, committed 5120K, reserved 851968K
}
Event: 3.220 GC heap after
{Heap after GC invocations=9 (full 0):
 garbage-first heap   total 96256K, used 31948K [0x0000000700000000, 0x0000000800000000)
  region size 2048K, 2 young (4096K), 2 survivors (4096K)
 Metaspace       used 35582K, committed 35968K, reserved 917504K
  class space    used 4924K, committed 5120K, reserved 851968K
}
Event: 3.354 GC heap before
{Heap before GC invocations=10 (full 0):
 garbage-first heap   total 96256K, used 68812K [0x0000000700000000, 0x0000000800000000)
  region size 2048K, 21 young (43008K), 2 survivors (4096K)
 Metaspace       used 38329K, committed 38784K, reserved 917504K
  class space    used 5240K, committed 5440K, reserved 851968K
}
Event: 3.356 GC heap after
{Heap after GC invocations=11 (full 0):
 garbage-first heap   total 96256K, used 32661K [0x0000000700000000, 0x0000000800000000)
  region size 2048K, 2 young (4096K), 2 survivors (4096K)
 Metaspace       used 38329K, committed 38784K, reserved 917504K
  class space    used 5240K, committed 5440K, reserved 851968K
}
Event: 3.646 GC heap before
{Heap before GC invocations=11 (full 0):
 garbage-first heap   total 96256K, used 73621K [0x0000000700000000, 0x0000000800000000)
  region size 2048K, 22 young (45056K), 2 survivors (4096K)
 Metaspace       used 41719K, committed 42240K, reserved 917504K
  class space    used 5781K, committed 6016K, reserved 851968K
}
Event: 3.649 GC heap after
{Heap after GC invocations=12 (full 0):
 garbage-first heap   total 309248K, used 34715K [0x0000000700000000, 0x0000000800000000)
  region size 2048K, 3 young (6144K), 3 survivors (6144K)
 Metaspace       used 41719K, committed 42240K, reserved 917504K
  class space    used 5781K, committed 6016K, reserved 851968K
}
Event: 4.845 GC heap before
{Heap before GC invocations=12 (full 0):
 garbage-first heap   total 309248K, used 221083K [0x0000000700000000, 0x0000000800000000)
  region size 2048K, 90 young (184320K), 3 survivors (6144K)
 Metaspace       used 54759K, committed 55360K, reserved 917504K
  class space    used 7663K, committed 7936K, reserved 851968K
}
Event: 4.853 GC heap after
{Heap after GC invocations=13 (full 0):
 garbage-first heap   total 309248K, used 53097K [0x0000000700000000, 0x0000000800000000)
  region size 2048K, 8 young (16384K), 8 survivors (16384K)
 Metaspace       used 54759K, committed 55360K, reserved 917504K
  class space    used 7663K, committed 7936K, reserved 851968K
}
Event: 5.175 GC heap before
{Heap before GC invocations=13 (full 0):
 garbage-first heap   total 309248K, used 106345K [0x0000000700000000, 0x0000000800000000)
  region size 2048K, 35 young (71680K), 8 survivors (16384K)
 Metaspace       used 59493K, committed 60096K, reserved 917504K
  class space    used 8291K, committed 8576K, reserved 851968K
}
Event: 5.183 GC heap after
{Heap after GC invocations=14 (full 0):
 garbage-first heap   total 309248K, used 55314K [0x0000000700000000, 0x0000000800000000)
  region size 2048K, 8 young (16384K), 8 survivors (16384K)
 Metaspace       used 59493K, committed 60096K, reserved 917504K
  class space    used 8291K, committed 8576K, reserved 851968K
}
Event: 5.812 GC heap before
{Heap before GC invocations=15 (full 0):
 garbage-first heap   total 198656K, used 159762K [0x0000000700000000, 0x0000000800000000)
  region size 2048K, 59 young (120832K), 8 survivors (16384K)
 Metaspace       used 66332K, committed 67008K, reserved 917504K
  class space    used 9353K, committed 9664K, reserved 851968K
}
Event: 5.819 GC heap after
{Heap after GC invocations=16 (full 0):
 garbage-first heap   total 198656K, used 59017K [0x0000000700000000, 0x0000000800000000)
  region size 2048K, 3 young (6144K), 3 survivors (6144K)
 Metaspace       used 66332K, committed 67008K, reserved 917504K
  class space    used 9353K, committed 9664K, reserved 851968K
}
Event: 6.932 GC heap before
{Heap before GC invocations=16 (full 0):
 garbage-first heap   total 198656K, used 159369K [0x0000000700000000, 0x0000000800000000)
  region size 2048K, 52 young (106496K), 3 survivors (6144K)
 Metaspace       used 71207K, committed 72064K, reserved 917504K
  class space    used 10022K, committed 10432K, reserved 851968K
}
Event: 6.936 GC heap after
{Heap after GC invocations=17 (full 0):
 garbage-first heap   total 198656K, used 67776K [0x0000000700000000, 0x0000000800000000)
  region size 2048K, 7 young (14336K), 7 survivors (14336K)
 Metaspace       used 71207K, committed 72064K, reserved 917504K
  class space    used 10022K, committed 10432K, reserved 851968K
}
Event: 7.927 GC heap before
{Heap before GC invocations=17 (full 0):
 garbage-first heap   total 198656K, used 155840K [0x0000000700000000, 0x0000000800000000)
  region size 2048K, 51 young (104448K), 7 survivors (14336K)
 Metaspace       used 74838K, committed 75712K, reserved 917504K
  class space    used 10520K, committed 10944K, reserved 851968K
}
Event: 7.933 GC heap after
{Heap after GC invocations=18 (full 0):
 garbage-first heap   total 198656K, used 77865K [0x0000000700000000, 0x0000000800000000)
  region size 2048K, 7 young (14336K), 7 survivors (14336K)
 Metaspace       used 74838K, committed 75712K, reserved 917504K
  class space    used 10520K, committed 10944K, reserved 851968K
}
Event: 8.142 GC heap before
{Heap before GC invocations=18 (full 0):
 garbage-first heap   total 198656K, used 151593K [0x0000000700000000, 0x0000000800000000)
  region size 2048K, 44 young (90112K), 7 survivors (14336K)
 Metaspace       used 75151K, committed 76032K, reserved 917504K
  class space    used 10523K, committed 10944K, reserved 851968K
}
Event: 8.145 GC heap after
{Heap after GC invocations=19 (full 0):
 garbage-first heap   total 198656K, used 81034K [0x0000000700000000, 0x0000000800000000)
  region size 2048K, 4 young (8192K), 4 survivors (8192K)
 Metaspace       used 75151K, committed 76032K, reserved 917504K
  class space    used 10523K, committed 10944K, reserved 851968K
}
Event: 8.450 GC heap before
{Heap before GC invocations=19 (full 0):
 garbage-first heap   total 198656K, used 152714K [0x0000000700000000, 0x0000000800000000)
  region size 2048K, 40 young (81920K), 4 survivors (8192K)
 Metaspace       used 75159K, committed 76032K, reserved 917504K
  class space    used 10523K, committed 10944K, reserved 851968K
}
Event: 8.452 GC heap after
{Heap after GC invocations=20 (full 0):
 garbage-first heap   total 198656K, used 82803K [0x0000000700000000, 0x0000000800000000)
  region size 2048K, 2 young (4096K), 2 survivors (4096K)
 Metaspace       used 75159K, committed 76032K, reserved 917504K
  class space    used 10523K, committed 10944K, reserved 851968K
}

